2024-02-24 22:11:06,549:WARNING:
'cuml' is a soft dependency and not included in the pycaret installation. Please run: `pip install cuml` to install.
2024-02-24 22:11:06,549:WARNING:
'cuml' is a soft dependency and not included in the pycaret installation. Please run: `pip install cuml` to install.
2024-02-24 22:11:06,549:WARNING:
'cuml' is a soft dependency and not included in the pycaret installation. Please run: `pip install cuml` to install.
2024-02-24 22:11:06,549:WARNING:
'cuml' is a soft dependency and not included in the pycaret installation. Please run: `pip install cuml` to install.
2024-02-24 22:11:06,707:INFO:Initializing load_model()
2024-02-24 22:11:06,707:INFO:load_model(model_name=models/nas_rental_prediction/best_model_new_saved, platform=None, authentication=None, verbose=True)
2024-02-24 22:11:06,713:WARNING:C:\Users\nasru\Desktop\NYP\2023 S2\MLOps\Assignment\Rental Home Price Prediction\venv\lib\site-packages\sklearn\base.py:376: InconsistentVersionWarning: Trying to unpickle estimator SimpleImputer from version 1.2.2 when using version 1.4.1.post1. This might lead to breaking code or invalid results. Use at your own risk. For more info please refer to:
https://scikit-learn.org/stable/model_persistence.html#security-maintainability-limitations
  warnings.warn(

2024-02-24 22:11:06,714:WARNING:C:\Users\nasru\Desktop\NYP\2023 S2\MLOps\Assignment\Rental Home Price Prediction\venv\lib\site-packages\sklearn\base.py:376: InconsistentVersionWarning: Trying to unpickle estimator PowerTransformer from version 1.2.2 when using version 1.4.1.post1. This might lead to breaking code or invalid results. Use at your own risk. For more info please refer to:
https://scikit-learn.org/stable/model_persistence.html#security-maintainability-limitations
  warnings.warn(

2024-02-24 22:11:06,714:WARNING:C:\Users\nasru\Desktop\NYP\2023 S2\MLOps\Assignment\Rental Home Price Prediction\venv\lib\site-packages\sklearn\base.py:376: InconsistentVersionWarning: Trying to unpickle estimator StandardScaler from version 1.2.2 when using version 1.4.1.post1. This might lead to breaking code or invalid results. Use at your own risk. For more info please refer to:
https://scikit-learn.org/stable/model_persistence.html#security-maintainability-limitations
  warnings.warn(

2024-02-24 22:11:06,773:WARNING:C:\Users\nasru\Desktop\NYP\2023 S2\MLOps\Assignment\Rental Home Price Prediction\venv\lib\site-packages\pycaret\internal\pipeline.py:146: UserWarning: Version mismatch:
current: {'deps_info': {'pip': '23.3.2', 'setuptools': '69.0.3', 'pycaret': '3.3.0', 'IPython': '8.22.1', 'ipywidgets': '8.1.2', 'tqdm': '4.66.2', 'numpy': '1.26.4', 'pandas': '2.1.4', 'jinja2': '3.1.3', 'scipy': '1.11.4', 'joblib': '1.3.2', 'sklearn': '1.4.1.post1', 'pyod': '1.1.3', 'imblearn': '0.12.0', 'category_encoders': '2.6.3', 'lightgbm': '4.3.0', 'numba': '0.59.0', 'requests': '2.31.0', 'matplotlib': '3.7.5', 'scikitplot': '0.3.7', 'yellowbrick': '1.5', 'plotly': '5.19.0', 'plotly-resampler': 'Not installed', 'kaleido': '0.2.1', 'schemdraw': '0.15', 'statsmodels': '0.14.1', 'sktime': '0.26.0', 'tbats': '1.1.3', 'pmdarima': '2.0.4', 'psutil': '5.9.8', 'markupsafe': '2.1.5', 'pickle5': 'Not installed', 'cloudpickle': '3.0.0', 'deprecation': '2.1.0', 'xxhash': '3.4.1', 'wurlitzer': 'Not installed'}, 'python': {'version': '3.10.0', 'machine': 'AMD64'}}
pickle: {'deps_info': {'pip': '23.1.2', 'setuptools': '67.6.0', 'pycaret': '3.2.0', 'IPython': '8.11.0', 'ipywidgets': '8.1.1', 'tqdm': '4.66.1', 'numpy': '1.25.2', 'pandas': '1.5.3', 'jinja2': '3.1.2', 'scipy': '1.10.1', 'joblib': '1.3.2', 'sklearn': '1.2.2', 'pyod': '1.1.2', 'imblearn': '0.11.0', 'category_encoders': '2.6.3', 'lightgbm': '4.2.0', 'numba': '0.58.1', 'requests': '2.31.0', 'matplotlib': '3.6.0', 'scikitplot': '0.3.7', 'yellowbrick': '1.5', 'plotly': '5.18.0', 'plotly-resampler': 'Not installed', 'kaleido': '0.2.1', 'schemdraw': '0.15', 'statsmodels': '0.14.1', 'sktime': '0.21.1', 'tbats': '1.1.3', 'pmdarima': '2.0.4', 'psutil': '5.9.4', 'markupsafe': '2.1.2', 'pickle5': 'Not installed', 'cloudpickle': '3.0.0', 'deprecation': '2.1.0', 'xxhash': '3.4.1', 'wurlitzer': 'Not installed'}, 'python': {'version': '3.11.2', 'machine': 'AMD64'}}
  warnings.warn(

2024-02-24 22:11:34,304:INFO:Initializing predict_model()
2024-02-24 22:11:34,304:INFO:predict_model(self=<pycaret.regression.oop.RegressionExperiment object at 0x000002529711AD40>, estimator=Pipeline(memory=Memory(location=None),
         steps=[('numerical_imputer',
                 TransformerWrapper(include=['amenity_count', 'availability_30',
                                             'bathrooms', 'accommodates',
                                             'number_of_reviews',
                                             'maximum_nights', 'bedrooms',
                                             'beds', 'guests_included'],
                                    transformer=SimpleImputer())),
                ('categorical_imputer',
                 TransformerWrapper(include=[],
                                    transformer=SimpleImputer(strategy='most_frequent'))),
                ('transformation',
                 TransformerWrapper(transformer=PowerTransformer(standardize=False))),
                ('normalize', TransformerWrapper(transformer=StandardScaler())),
                ('trained_model', LGBMRegressor(n_jobs=-1, random_state=1234))]), probability_threshold=None, encoded_labels=False, raw_score=False, round=4, verbose=True, ml_usecase=None, preprocess=True, encode_labels=<function _SupervisedExperiment.predict_model.<locals>.encode_labels at 0x00000252970BF910>)
2024-02-24 22:11:34,305:INFO:Checking exceptions
2024-02-24 22:11:34,305:INFO:Preloading libraries
2024-02-24 22:11:34,306:INFO:Set up data.
2024-02-24 22:11:34,309:INFO:Set up index.
2024-02-24 22:11:54,268:WARNING:
'cuml' is a soft dependency and not included in the pycaret installation. Please run: `pip install cuml` to install.
2024-02-24 22:11:54,268:WARNING:
'cuml' is a soft dependency and not included in the pycaret installation. Please run: `pip install cuml` to install.
2024-02-24 22:11:54,268:WARNING:
'cuml' is a soft dependency and not included in the pycaret installation. Please run: `pip install cuml` to install.
2024-02-24 22:11:54,268:WARNING:
'cuml' is a soft dependency and not included in the pycaret installation. Please run: `pip install cuml` to install.
2024-02-24 22:11:54,396:INFO:Initializing load_model()
2024-02-24 22:11:54,396:INFO:load_model(model_name=models/nas_rental_prediction/best_model_new_saved, platform=None, authentication=None, verbose=True)
2024-02-24 22:11:54,398:WARNING:C:\Users\nasru\Desktop\NYP\2023 S2\MLOps\Assignment\Rental Home Price Prediction\venv\lib\site-packages\sklearn\base.py:376: InconsistentVersionWarning: Trying to unpickle estimator SimpleImputer from version 1.2.2 when using version 1.4.1.post1. This might lead to breaking code or invalid results. Use at your own risk. For more info please refer to:
https://scikit-learn.org/stable/model_persistence.html#security-maintainability-limitations
  warnings.warn(

2024-02-24 22:11:54,398:WARNING:C:\Users\nasru\Desktop\NYP\2023 S2\MLOps\Assignment\Rental Home Price Prediction\venv\lib\site-packages\sklearn\base.py:376: InconsistentVersionWarning: Trying to unpickle estimator PowerTransformer from version 1.2.2 when using version 1.4.1.post1. This might lead to breaking code or invalid results. Use at your own risk. For more info please refer to:
https://scikit-learn.org/stable/model_persistence.html#security-maintainability-limitations
  warnings.warn(

2024-02-24 22:11:54,399:WARNING:C:\Users\nasru\Desktop\NYP\2023 S2\MLOps\Assignment\Rental Home Price Prediction\venv\lib\site-packages\sklearn\base.py:376: InconsistentVersionWarning: Trying to unpickle estimator StandardScaler from version 1.2.2 when using version 1.4.1.post1. This might lead to breaking code or invalid results. Use at your own risk. For more info please refer to:
https://scikit-learn.org/stable/model_persistence.html#security-maintainability-limitations
  warnings.warn(

2024-02-24 22:11:54,430:WARNING:C:\Users\nasru\Desktop\NYP\2023 S2\MLOps\Assignment\Rental Home Price Prediction\venv\lib\site-packages\pycaret\internal\pipeline.py:146: UserWarning: Version mismatch:
current: {'deps_info': {'pip': '23.3.2', 'setuptools': '69.0.3', 'pycaret': '3.3.0', 'IPython': '8.22.1', 'ipywidgets': '8.1.2', 'tqdm': '4.66.2', 'numpy': '1.26.4', 'pandas': '2.1.4', 'jinja2': '3.1.3', 'scipy': '1.11.4', 'joblib': '1.3.2', 'sklearn': '1.4.1.post1', 'pyod': '1.1.3', 'imblearn': '0.12.0', 'category_encoders': '2.6.3', 'lightgbm': '4.3.0', 'numba': '0.59.0', 'requests': '2.31.0', 'matplotlib': '3.7.5', 'scikitplot': '0.3.7', 'yellowbrick': '1.5', 'plotly': '5.19.0', 'plotly-resampler': 'Not installed', 'kaleido': '0.2.1', 'schemdraw': '0.15', 'statsmodels': '0.14.1', 'sktime': '0.26.0', 'tbats': '1.1.3', 'pmdarima': '2.0.4', 'psutil': '5.9.8', 'markupsafe': '2.1.5', 'pickle5': 'Not installed', 'cloudpickle': '3.0.0', 'deprecation': '2.1.0', 'xxhash': '3.4.1', 'wurlitzer': 'Not installed'}, 'python': {'version': '3.10.0', 'machine': 'AMD64'}}
pickle: {'deps_info': {'pip': '23.1.2', 'setuptools': '67.6.0', 'pycaret': '3.2.0', 'IPython': '8.11.0', 'ipywidgets': '8.1.1', 'tqdm': '4.66.1', 'numpy': '1.25.2', 'pandas': '1.5.3', 'jinja2': '3.1.2', 'scipy': '1.10.1', 'joblib': '1.3.2', 'sklearn': '1.2.2', 'pyod': '1.1.2', 'imblearn': '0.11.0', 'category_encoders': '2.6.3', 'lightgbm': '4.2.0', 'numba': '0.58.1', 'requests': '2.31.0', 'matplotlib': '3.6.0', 'scikitplot': '0.3.7', 'yellowbrick': '1.5', 'plotly': '5.18.0', 'plotly-resampler': 'Not installed', 'kaleido': '0.2.1', 'schemdraw': '0.15', 'statsmodels': '0.14.1', 'sktime': '0.21.1', 'tbats': '1.1.3', 'pmdarima': '2.0.4', 'psutil': '5.9.4', 'markupsafe': '2.1.2', 'pickle5': 'Not installed', 'cloudpickle': '3.0.0', 'deprecation': '2.1.0', 'xxhash': '3.4.1', 'wurlitzer': 'Not installed'}, 'python': {'version': '3.11.2', 'machine': 'AMD64'}}
  warnings.warn(

2024-02-24 22:11:58,046:INFO:Initializing predict_model()
2024-02-24 22:11:58,046:INFO:predict_model(self=<pycaret.regression.oop.RegressionExperiment object at 0x0000025387AFE650>, estimator=Pipeline(memory=Memory(location=None),
         steps=[('numerical_imputer',
                 TransformerWrapper(include=['amenity_count', 'availability_30',
                                             'bathrooms', 'accommodates',
                                             'number_of_reviews',
                                             'maximum_nights', 'bedrooms',
                                             'beds', 'guests_included'],
                                    transformer=SimpleImputer())),
                ('categorical_imputer',
                 TransformerWrapper(include=[],
                                    transformer=SimpleImputer(strategy='most_frequent'))),
                ('transformation',
                 TransformerWrapper(transformer=PowerTransformer(standardize=False))),
                ('normalize', TransformerWrapper(transformer=StandardScaler())),
                ('trained_model', LGBMRegressor(n_jobs=-1, random_state=1234))]), probability_threshold=None, encoded_labels=False, raw_score=False, round=4, verbose=True, ml_usecase=None, preprocess=True, encode_labels=<function _SupervisedExperiment.predict_model.<locals>.encode_labels at 0x0000025387AEFD90>)
2024-02-24 22:11:58,046:INFO:Checking exceptions
2024-02-24 22:11:58,046:INFO:Preloading libraries
2024-02-24 22:11:58,046:INFO:Set up data.
2024-02-24 22:11:58,050:INFO:Set up index.
2024-02-24 22:12:14,956:INFO:Initializing predict_model()
2024-02-24 22:12:14,956:INFO:predict_model(self=<pycaret.regression.oop.RegressionExperiment object at 0x0000025387B67040>, estimator=Pipeline(memory=Memory(location=None),
         steps=[('numerical_imputer',
                 TransformerWrapper(include=['amenity_count', 'availability_30',
                                             'bathrooms', 'accommodates',
                                             'number_of_reviews',
                                             'maximum_nights', 'bedrooms',
                                             'beds', 'guests_included'],
                                    transformer=SimpleImputer())),
                ('categorical_imputer',
                 TransformerWrapper(include=[],
                                    transformer=SimpleImputer(strategy='most_frequent'))),
                ('transformation',
                 TransformerWrapper(transformer=PowerTransformer(standardize=False))),
                ('normalize', TransformerWrapper(transformer=StandardScaler())),
                ('trained_model', LGBMRegressor(n_jobs=-1, random_state=1234))]), probability_threshold=None, encoded_labels=False, raw_score=False, round=4, verbose=True, ml_usecase=None, preprocess=True, encode_labels=<function _SupervisedExperiment.predict_model.<locals>.encode_labels at 0x0000025387B48820>)
2024-02-24 22:12:14,956:INFO:Checking exceptions
2024-02-24 22:12:14,956:INFO:Preloading libraries
2024-02-24 22:12:14,957:INFO:Set up data.
2024-02-24 22:12:14,959:INFO:Set up index.
2024-02-24 22:12:23,881:INFO:Initializing predict_model()
2024-02-24 22:12:23,881:INFO:predict_model(self=<pycaret.regression.oop.RegressionExperiment object at 0x0000025387B67010>, estimator=Pipeline(memory=Memory(location=None),
         steps=[('numerical_imputer',
                 TransformerWrapper(include=['amenity_count', 'availability_30',
                                             'bathrooms', 'accommodates',
                                             'number_of_reviews',
                                             'maximum_nights', 'bedrooms',
                                             'beds', 'guests_included'],
                                    transformer=SimpleImputer())),
                ('categorical_imputer',
                 TransformerWrapper(include=[],
                                    transformer=SimpleImputer(strategy='most_frequent'))),
                ('transformation',
                 TransformerWrapper(transformer=PowerTransformer(standardize=False))),
                ('normalize', TransformerWrapper(transformer=StandardScaler())),
                ('trained_model', LGBMRegressor(n_jobs=-1, random_state=1234))]), probability_threshold=None, encoded_labels=False, raw_score=False, round=4, verbose=True, ml_usecase=None, preprocess=True, encode_labels=<function _SupervisedExperiment.predict_model.<locals>.encode_labels at 0x0000025387B48820>)
2024-02-24 22:12:23,881:INFO:Checking exceptions
2024-02-24 22:12:23,882:INFO:Preloading libraries
2024-02-24 22:12:23,882:INFO:Set up data.
2024-02-24 22:12:23,884:INFO:Set up index.
2024-02-24 22:13:00,859:WARNING:
'cuml' is a soft dependency and not included in the pycaret installation. Please run: `pip install cuml` to install.
2024-02-24 22:13:00,860:WARNING:
'cuml' is a soft dependency and not included in the pycaret installation. Please run: `pip install cuml` to install.
2024-02-24 22:13:00,860:WARNING:
'cuml' is a soft dependency and not included in the pycaret installation. Please run: `pip install cuml` to install.
2024-02-24 22:13:00,860:WARNING:
'cuml' is a soft dependency and not included in the pycaret installation. Please run: `pip install cuml` to install.
2024-02-24 22:13:00,987:INFO:Initializing load_model()
2024-02-24 22:13:00,987:INFO:load_model(model_name=models/nas_rental_prediction/best_model_new_saved, platform=None, authentication=None, verbose=True)
2024-02-24 22:13:00,989:WARNING:C:\Users\nasru\Desktop\NYP\2023 S2\MLOps\Assignment\Rental Home Price Prediction\venv\lib\site-packages\sklearn\base.py:376: InconsistentVersionWarning: Trying to unpickle estimator SimpleImputer from version 1.2.2 when using version 1.4.1.post1. This might lead to breaking code or invalid results. Use at your own risk. For more info please refer to:
https://scikit-learn.org/stable/model_persistence.html#security-maintainability-limitations
  warnings.warn(

2024-02-24 22:13:00,989:WARNING:C:\Users\nasru\Desktop\NYP\2023 S2\MLOps\Assignment\Rental Home Price Prediction\venv\lib\site-packages\sklearn\base.py:376: InconsistentVersionWarning: Trying to unpickle estimator PowerTransformer from version 1.2.2 when using version 1.4.1.post1. This might lead to breaking code or invalid results. Use at your own risk. For more info please refer to:
https://scikit-learn.org/stable/model_persistence.html#security-maintainability-limitations
  warnings.warn(

2024-02-24 22:13:00,989:WARNING:C:\Users\nasru\Desktop\NYP\2023 S2\MLOps\Assignment\Rental Home Price Prediction\venv\lib\site-packages\sklearn\base.py:376: InconsistentVersionWarning: Trying to unpickle estimator StandardScaler from version 1.2.2 when using version 1.4.1.post1. This might lead to breaking code or invalid results. Use at your own risk. For more info please refer to:
https://scikit-learn.org/stable/model_persistence.html#security-maintainability-limitations
  warnings.warn(

2024-02-24 22:13:01,015:WARNING:C:\Users\nasru\Desktop\NYP\2023 S2\MLOps\Assignment\Rental Home Price Prediction\venv\lib\site-packages\pycaret\internal\pipeline.py:146: UserWarning: Version mismatch:
current: {'deps_info': {'pip': '23.3.2', 'setuptools': '69.0.3', 'pycaret': '3.3.0', 'IPython': '8.22.1', 'ipywidgets': '8.1.2', 'tqdm': '4.66.2', 'numpy': '1.26.4', 'pandas': '2.1.4', 'jinja2': '3.1.3', 'scipy': '1.11.4', 'joblib': '1.3.2', 'sklearn': '1.4.1.post1', 'pyod': '1.1.3', 'imblearn': '0.12.0', 'category_encoders': '2.6.3', 'lightgbm': '4.3.0', 'numba': '0.59.0', 'requests': '2.31.0', 'matplotlib': '3.7.5', 'scikitplot': '0.3.7', 'yellowbrick': '1.5', 'plotly': '5.19.0', 'plotly-resampler': 'Not installed', 'kaleido': '0.2.1', 'schemdraw': '0.15', 'statsmodels': '0.14.1', 'sktime': '0.26.0', 'tbats': '1.1.3', 'pmdarima': '2.0.4', 'psutil': '5.9.8', 'markupsafe': '2.1.5', 'pickle5': 'Not installed', 'cloudpickle': '3.0.0', 'deprecation': '2.1.0', 'xxhash': '3.4.1', 'wurlitzer': 'Not installed'}, 'python': {'version': '3.10.0', 'machine': 'AMD64'}}
pickle: {'deps_info': {'pip': '23.1.2', 'setuptools': '67.6.0', 'pycaret': '3.2.0', 'IPython': '8.11.0', 'ipywidgets': '8.1.1', 'tqdm': '4.66.1', 'numpy': '1.25.2', 'pandas': '1.5.3', 'jinja2': '3.1.2', 'scipy': '1.10.1', 'joblib': '1.3.2', 'sklearn': '1.2.2', 'pyod': '1.1.2', 'imblearn': '0.11.0', 'category_encoders': '2.6.3', 'lightgbm': '4.2.0', 'numba': '0.58.1', 'requests': '2.31.0', 'matplotlib': '3.6.0', 'scikitplot': '0.3.7', 'yellowbrick': '1.5', 'plotly': '5.18.0', 'plotly-resampler': 'Not installed', 'kaleido': '0.2.1', 'schemdraw': '0.15', 'statsmodels': '0.14.1', 'sktime': '0.21.1', 'tbats': '1.1.3', 'pmdarima': '2.0.4', 'psutil': '5.9.4', 'markupsafe': '2.1.2', 'pickle5': 'Not installed', 'cloudpickle': '3.0.0', 'deprecation': '2.1.0', 'xxhash': '3.4.1', 'wurlitzer': 'Not installed'}, 'python': {'version': '3.11.2', 'machine': 'AMD64'}}
  warnings.warn(

2024-02-24 22:13:03,929:INFO:Initializing predict_model()
2024-02-24 22:13:03,929:INFO:predict_model(self=<pycaret.regression.oop.RegressionExperiment object at 0x000001EB2392E650>, estimator=Pipeline(memory=Memory(location=None),
         steps=[('numerical_imputer',
                 TransformerWrapper(include=['amenity_count', 'availability_30',
                                             'bathrooms', 'accommodates',
                                             'number_of_reviews',
                                             'maximum_nights', 'bedrooms',
                                             'beds', 'guests_included'],
                                    transformer=SimpleImputer())),
                ('categorical_imputer',
                 TransformerWrapper(include=[],
                                    transformer=SimpleImputer(strategy='most_frequent'))),
                ('transformation',
                 TransformerWrapper(transformer=PowerTransformer(standardize=False))),
                ('normalize', TransformerWrapper(transformer=StandardScaler())),
                ('trained_model', LGBMRegressor(n_jobs=-1, random_state=1234))]), probability_threshold=None, encoded_labels=False, raw_score=False, round=4, verbose=True, ml_usecase=None, preprocess=True, encode_labels=<function _SupervisedExperiment.predict_model.<locals>.encode_labels at 0x000001EB2391FD90>)
2024-02-24 22:13:03,930:INFO:Checking exceptions
2024-02-24 22:13:03,930:INFO:Preloading libraries
2024-02-24 22:13:03,930:INFO:Set up data.
2024-02-24 22:13:03,935:INFO:Set up index.
2024-02-24 22:20:12,744:WARNING:
'cuml' is a soft dependency and not included in the pycaret installation. Please run: `pip install cuml` to install.
2024-02-24 22:20:12,744:WARNING:
'cuml' is a soft dependency and not included in the pycaret installation. Please run: `pip install cuml` to install.
2024-02-24 22:20:12,744:WARNING:
'cuml' is a soft dependency and not included in the pycaret installation. Please run: `pip install cuml` to install.
2024-02-24 22:20:12,744:WARNING:
'cuml' is a soft dependency and not included in the pycaret installation. Please run: `pip install cuml` to install.
2024-02-24 22:20:12,895:INFO:Initializing load_model()
2024-02-24 22:20:12,895:INFO:load_model(model_name=models/nas_rental_prediction/best_model_new_saved, platform=None, authentication=None, verbose=True)
2024-02-24 22:20:12,897:WARNING:C:\Users\nasru\Desktop\NYP\2023 S2\MLOps\Assignment\Rental Home Price Prediction\venv\lib\site-packages\sklearn\base.py:376: InconsistentVersionWarning: Trying to unpickle estimator SimpleImputer from version 1.2.2 when using version 1.4.1.post1. This might lead to breaking code or invalid results. Use at your own risk. For more info please refer to:
https://scikit-learn.org/stable/model_persistence.html#security-maintainability-limitations
  warnings.warn(

2024-02-24 22:20:12,897:WARNING:C:\Users\nasru\Desktop\NYP\2023 S2\MLOps\Assignment\Rental Home Price Prediction\venv\lib\site-packages\sklearn\base.py:376: InconsistentVersionWarning: Trying to unpickle estimator PowerTransformer from version 1.2.2 when using version 1.4.1.post1. This might lead to breaking code or invalid results. Use at your own risk. For more info please refer to:
https://scikit-learn.org/stable/model_persistence.html#security-maintainability-limitations
  warnings.warn(

2024-02-24 22:20:12,897:WARNING:C:\Users\nasru\Desktop\NYP\2023 S2\MLOps\Assignment\Rental Home Price Prediction\venv\lib\site-packages\sklearn\base.py:376: InconsistentVersionWarning: Trying to unpickle estimator StandardScaler from version 1.2.2 when using version 1.4.1.post1. This might lead to breaking code or invalid results. Use at your own risk. For more info please refer to:
https://scikit-learn.org/stable/model_persistence.html#security-maintainability-limitations
  warnings.warn(

2024-02-24 22:20:12,937:WARNING:C:\Users\nasru\Desktop\NYP\2023 S2\MLOps\Assignment\Rental Home Price Prediction\venv\lib\site-packages\pycaret\internal\pipeline.py:146: UserWarning: Version mismatch:
current: {'deps_info': {'pip': '23.3.2', 'setuptools': '69.0.3', 'pycaret': '3.3.0', 'IPython': '8.22.1', 'ipywidgets': '8.1.2', 'tqdm': '4.66.2', 'numpy': '1.26.4', 'pandas': '2.1.4', 'jinja2': '3.1.3', 'scipy': '1.11.4', 'joblib': '1.3.2', 'sklearn': '1.4.1.post1', 'pyod': '1.1.3', 'imblearn': '0.12.0', 'category_encoders': '2.6.3', 'lightgbm': '4.3.0', 'numba': '0.59.0', 'requests': '2.31.0', 'matplotlib': '3.7.5', 'scikitplot': '0.3.7', 'yellowbrick': '1.5', 'plotly': '5.19.0', 'plotly-resampler': 'Not installed', 'kaleido': '0.2.1', 'schemdraw': '0.15', 'statsmodels': '0.14.1', 'sktime': '0.26.0', 'tbats': '1.1.3', 'pmdarima': '2.0.4', 'psutil': '5.9.8', 'markupsafe': '2.1.5', 'pickle5': 'Not installed', 'cloudpickle': '3.0.0', 'deprecation': '2.1.0', 'xxhash': '3.4.1', 'wurlitzer': 'Not installed'}, 'python': {'version': '3.10.0', 'machine': 'AMD64'}}
pickle: {'deps_info': {'pip': '23.1.2', 'setuptools': '67.6.0', 'pycaret': '3.2.0', 'IPython': '8.11.0', 'ipywidgets': '8.1.1', 'tqdm': '4.66.1', 'numpy': '1.25.2', 'pandas': '1.5.3', 'jinja2': '3.1.2', 'scipy': '1.10.1', 'joblib': '1.3.2', 'sklearn': '1.2.2', 'pyod': '1.1.2', 'imblearn': '0.11.0', 'category_encoders': '2.6.3', 'lightgbm': '4.2.0', 'numba': '0.58.1', 'requests': '2.31.0', 'matplotlib': '3.6.0', 'scikitplot': '0.3.7', 'yellowbrick': '1.5', 'plotly': '5.18.0', 'plotly-resampler': 'Not installed', 'kaleido': '0.2.1', 'schemdraw': '0.15', 'statsmodels': '0.14.1', 'sktime': '0.21.1', 'tbats': '1.1.3', 'pmdarima': '2.0.4', 'psutil': '5.9.4', 'markupsafe': '2.1.2', 'pickle5': 'Not installed', 'cloudpickle': '3.0.0', 'deprecation': '2.1.0', 'xxhash': '3.4.1', 'wurlitzer': 'Not installed'}, 'python': {'version': '3.11.2', 'machine': 'AMD64'}}
  warnings.warn(

2024-02-24 22:20:30,341:INFO:Initializing predict_model()
2024-02-24 22:20:30,341:INFO:predict_model(self=<pycaret.regression.oop.RegressionExperiment object at 0x000001EACD5CA830>, estimator=Pipeline(memory=Memory(location=None),
         steps=[('numerical_imputer',
                 TransformerWrapper(include=['amenity_count', 'availability_30',
                                             'bathrooms', 'accommodates',
                                             'number_of_reviews',
                                             'maximum_nights', 'bedrooms',
                                             'beds', 'guests_included'],
                                    transformer=SimpleImputer())),
                ('categorical_imputer',
                 TransformerWrapper(include=[],
                                    transformer=SimpleImputer(strategy='most_frequent'))),
                ('transformation',
                 TransformerWrapper(transformer=PowerTransformer(standardize=False))),
                ('normalize', TransformerWrapper(transformer=StandardScaler())),
                ('trained_model', LGBMRegressor(n_jobs=-1, random_state=1234))]), probability_threshold=None, encoded_labels=False, raw_score=False, round=4, verbose=True, ml_usecase=None, preprocess=True, encode_labels=<function _SupervisedExperiment.predict_model.<locals>.encode_labels at 0x000001EACD5C44C0>)
2024-02-24 22:20:30,341:INFO:Checking exceptions
2024-02-24 22:20:30,341:INFO:Preloading libraries
2024-02-24 22:20:30,341:INFO:Set up data.
2024-02-24 22:20:30,344:INFO:Set up index.
2024-02-24 22:21:28,188:INFO:Initializing predict_model()
2024-02-24 22:21:28,188:INFO:predict_model(self=<pycaret.regression.oop.RegressionExperiment object at 0x000001EACD5CB880>, estimator=Pipeline(memory=Memory(location=None),
         steps=[('numerical_imputer',
                 TransformerWrapper(include=['amenity_count', 'availability_30',
                                             'bathrooms', 'accommodates',
                                             'number_of_reviews',
                                             'maximum_nights', 'bedrooms',
                                             'beds', 'guests_included'],
                                    transformer=SimpleImputer())),
                ('categorical_imputer',
                 TransformerWrapper(include=[],
                                    transformer=SimpleImputer(strategy='most_frequent'))),
                ('transformation',
                 TransformerWrapper(transformer=PowerTransformer(standardize=False))),
                ('normalize', TransformerWrapper(transformer=StandardScaler())),
                ('trained_model', LGBMRegressor(n_jobs=-1, random_state=1234))]), probability_threshold=None, encoded_labels=False, raw_score=False, round=4, verbose=True, ml_usecase=None, preprocess=True, encode_labels=<function _SupervisedExperiment.predict_model.<locals>.encode_labels at 0x000001EACD5C41F0>)
2024-02-24 22:21:28,188:INFO:Checking exceptions
2024-02-24 22:21:28,188:INFO:Preloading libraries
2024-02-24 22:21:28,189:INFO:Set up data.
2024-02-24 22:21:28,191:INFO:Set up index.
2024-02-24 22:26:57,486:WARNING:
'cuml' is a soft dependency and not included in the pycaret installation. Please run: `pip install cuml` to install.
2024-02-24 22:26:57,486:WARNING:
'cuml' is a soft dependency and not included in the pycaret installation. Please run: `pip install cuml` to install.
2024-02-24 22:26:57,486:WARNING:
'cuml' is a soft dependency and not included in the pycaret installation. Please run: `pip install cuml` to install.
2024-02-24 22:26:57,486:WARNING:
'cuml' is a soft dependency and not included in the pycaret installation. Please run: `pip install cuml` to install.
2024-02-24 22:26:57,621:INFO:Initializing load_model()
2024-02-24 22:26:57,621:INFO:load_model(model_name=models/nas_rental_prediction/best_model_new_saved, platform=None, authentication=None, verbose=True)
2024-02-24 22:26:57,622:WARNING:C:\Users\nasru\Desktop\NYP\2023 S2\MLOps\Assignment\Rental Home Price Prediction\venv\lib\site-packages\sklearn\base.py:376: InconsistentVersionWarning: Trying to unpickle estimator SimpleImputer from version 1.2.2 when using version 1.4.1.post1. This might lead to breaking code or invalid results. Use at your own risk. For more info please refer to:
https://scikit-learn.org/stable/model_persistence.html#security-maintainability-limitations
  warnings.warn(

2024-02-24 22:26:57,623:WARNING:C:\Users\nasru\Desktop\NYP\2023 S2\MLOps\Assignment\Rental Home Price Prediction\venv\lib\site-packages\sklearn\base.py:376: InconsistentVersionWarning: Trying to unpickle estimator PowerTransformer from version 1.2.2 when using version 1.4.1.post1. This might lead to breaking code or invalid results. Use at your own risk. For more info please refer to:
https://scikit-learn.org/stable/model_persistence.html#security-maintainability-limitations
  warnings.warn(

2024-02-24 22:26:57,623:WARNING:C:\Users\nasru\Desktop\NYP\2023 S2\MLOps\Assignment\Rental Home Price Prediction\venv\lib\site-packages\sklearn\base.py:376: InconsistentVersionWarning: Trying to unpickle estimator StandardScaler from version 1.2.2 when using version 1.4.1.post1. This might lead to breaking code or invalid results. Use at your own risk. For more info please refer to:
https://scikit-learn.org/stable/model_persistence.html#security-maintainability-limitations
  warnings.warn(

2024-02-24 22:26:57,652:WARNING:C:\Users\nasru\Desktop\NYP\2023 S2\MLOps\Assignment\Rental Home Price Prediction\venv\lib\site-packages\pycaret\internal\pipeline.py:146: UserWarning: Version mismatch:
current: {'deps_info': {'pip': '23.3.2', 'setuptools': '69.0.3', 'pycaret': '3.3.0', 'IPython': '8.22.1', 'ipywidgets': '8.1.2', 'tqdm': '4.66.2', 'numpy': '1.26.4', 'pandas': '2.1.4', 'jinja2': '3.1.3', 'scipy': '1.11.4', 'joblib': '1.3.2', 'sklearn': '1.4.1.post1', 'pyod': '1.1.3', 'imblearn': '0.12.0', 'category_encoders': '2.6.3', 'lightgbm': '4.3.0', 'numba': '0.59.0', 'requests': '2.31.0', 'matplotlib': '3.7.5', 'scikitplot': '0.3.7', 'yellowbrick': '1.5', 'plotly': '5.19.0', 'plotly-resampler': 'Not installed', 'kaleido': '0.2.1', 'schemdraw': '0.15', 'statsmodels': '0.14.1', 'sktime': '0.26.0', 'tbats': '1.1.3', 'pmdarima': '2.0.4', 'psutil': '5.9.8', 'markupsafe': '2.1.5', 'pickle5': 'Not installed', 'cloudpickle': '3.0.0', 'deprecation': '2.1.0', 'xxhash': '3.4.1', 'wurlitzer': 'Not installed'}, 'python': {'version': '3.10.0', 'machine': 'AMD64'}}
pickle: {'deps_info': {'pip': '23.1.2', 'setuptools': '67.6.0', 'pycaret': '3.2.0', 'IPython': '8.11.0', 'ipywidgets': '8.1.1', 'tqdm': '4.66.1', 'numpy': '1.25.2', 'pandas': '1.5.3', 'jinja2': '3.1.2', 'scipy': '1.10.1', 'joblib': '1.3.2', 'sklearn': '1.2.2', 'pyod': '1.1.2', 'imblearn': '0.11.0', 'category_encoders': '2.6.3', 'lightgbm': '4.2.0', 'numba': '0.58.1', 'requests': '2.31.0', 'matplotlib': '3.6.0', 'scikitplot': '0.3.7', 'yellowbrick': '1.5', 'plotly': '5.18.0', 'plotly-resampler': 'Not installed', 'kaleido': '0.2.1', 'schemdraw': '0.15', 'statsmodels': '0.14.1', 'sktime': '0.21.1', 'tbats': '1.1.3', 'pmdarima': '2.0.4', 'psutil': '5.9.4', 'markupsafe': '2.1.2', 'pickle5': 'Not installed', 'cloudpickle': '3.0.0', 'deprecation': '2.1.0', 'xxhash': '3.4.1', 'wurlitzer': 'Not installed'}, 'python': {'version': '3.11.2', 'machine': 'AMD64'}}
  warnings.warn(

2024-02-24 22:27:12,479:INFO:Initializing predict_model()
2024-02-24 22:27:12,479:INFO:predict_model(self=<pycaret.regression.oop.RegressionExperiment object at 0x0000016E7A1F6710>, estimator=Pipeline(memory=Memory(location=None),
         steps=[('numerical_imputer',
                 TransformerWrapper(include=['amenity_count', 'availability_30',
                                             'bathrooms', 'accommodates',
                                             'number_of_reviews',
                                             'maximum_nights', 'bedrooms',
                                             'beds', 'guests_included'],
                                    transformer=SimpleImputer())),
                ('categorical_imputer',
                 TransformerWrapper(include=[],
                                    transformer=SimpleImputer(strategy='most_frequent'))),
                ('transformation',
                 TransformerWrapper(transformer=PowerTransformer(standardize=False))),
                ('normalize', TransformerWrapper(transformer=StandardScaler())),
                ('trained_model', LGBMRegressor(n_jobs=-1, random_state=1234))]), probability_threshold=None, encoded_labels=False, raw_score=False, round=4, verbose=True, ml_usecase=None, preprocess=True, encode_labels=<function _SupervisedExperiment.predict_model.<locals>.encode_labels at 0x0000016E7A1FC160>)
2024-02-24 22:27:12,479:INFO:Checking exceptions
2024-02-24 22:27:12,479:INFO:Preloading libraries
2024-02-24 22:27:12,480:INFO:Set up data.
2024-02-24 22:27:12,484:INFO:Set up index.
2024-02-24 22:27:32,252:INFO:Initializing predict_model()
2024-02-24 22:27:32,252:INFO:predict_model(self=<pycaret.regression.oop.RegressionExperiment object at 0x0000016E7A252D40>, estimator=Pipeline(memory=Memory(location=None),
         steps=[('numerical_imputer',
                 TransformerWrapper(include=['amenity_count', 'availability_30',
                                             'bathrooms', 'accommodates',
                                             'number_of_reviews',
                                             'maximum_nights', 'bedrooms',
                                             'beds', 'guests_included'],
                                    transformer=SimpleImputer())),
                ('categorical_imputer',
                 TransformerWrapper(include=[],
                                    transformer=SimpleImputer(strategy='most_frequent'))),
                ('transformation',
                 TransformerWrapper(transformer=PowerTransformer(standardize=False))),
                ('normalize', TransformerWrapper(transformer=StandardScaler())),
                ('trained_model', LGBMRegressor(n_jobs=-1, random_state=1234))]), probability_threshold=None, encoded_labels=False, raw_score=False, round=4, verbose=True, ml_usecase=None, preprocess=True, encode_labels=<function _SupervisedExperiment.predict_model.<locals>.encode_labels at 0x0000016E7A1FC280>)
2024-02-24 22:27:32,252:INFO:Checking exceptions
2024-02-24 22:27:32,252:INFO:Preloading libraries
2024-02-24 22:27:32,252:INFO:Set up data.
2024-02-24 22:27:32,255:INFO:Set up index.
2024-02-24 22:27:54,691:INFO:Initializing predict_model()
2024-02-24 22:27:54,691:INFO:predict_model(self=<pycaret.regression.oop.RegressionExperiment object at 0x0000016E7A252FE0>, estimator=Pipeline(memory=Memory(location=None),
         steps=[('numerical_imputer',
                 TransformerWrapper(include=['amenity_count', 'availability_30',
                                             'bathrooms', 'accommodates',
                                             'number_of_reviews',
                                             'maximum_nights', 'bedrooms',
                                             'beds', 'guests_included'],
                                    transformer=SimpleImputer())),
                ('categorical_imputer',
                 TransformerWrapper(include=[],
                                    transformer=SimpleImputer(strategy='most_frequent'))),
                ('transformation',
                 TransformerWrapper(transformer=PowerTransformer(standardize=False))),
                ('normalize', TransformerWrapper(transformer=StandardScaler())),
                ('trained_model', LGBMRegressor(n_jobs=-1, random_state=1234))]), probability_threshold=None, encoded_labels=False, raw_score=False, round=4, verbose=True, ml_usecase=None, preprocess=True, encode_labels=<function _SupervisedExperiment.predict_model.<locals>.encode_labels at 0x0000016E7A19FB50>)
2024-02-24 22:27:54,691:INFO:Checking exceptions
2024-02-24 22:27:54,691:INFO:Preloading libraries
2024-02-24 22:27:54,691:INFO:Set up data.
2024-02-24 22:27:54,693:INFO:Set up index.
2024-02-24 22:28:17,587:INFO:Initializing predict_model()
2024-02-24 22:28:17,587:INFO:predict_model(self=<pycaret.regression.oop.RegressionExperiment object at 0x0000016E7A1F48B0>, estimator=Pipeline(memory=Memory(location=None),
         steps=[('numerical_imputer',
                 TransformerWrapper(include=['amenity_count', 'availability_30',
                                             'bathrooms', 'accommodates',
                                             'number_of_reviews',
                                             'maximum_nights', 'bedrooms',
                                             'beds', 'guests_included'],
                                    transformer=SimpleImputer())),
                ('categorical_imputer',
                 TransformerWrapper(include=[],
                                    transformer=SimpleImputer(strategy='most_frequent'))),
                ('transformation',
                 TransformerWrapper(transformer=PowerTransformer(standardize=False))),
                ('normalize', TransformerWrapper(transformer=StandardScaler())),
                ('trained_model', LGBMRegressor(n_jobs=-1, random_state=1234))]), probability_threshold=None, encoded_labels=False, raw_score=False, round=4, verbose=True, ml_usecase=None, preprocess=True, encode_labels=<function _SupervisedExperiment.predict_model.<locals>.encode_labels at 0x0000016E7A19FBE0>)
2024-02-24 22:28:17,587:INFO:Checking exceptions
2024-02-24 22:28:17,587:INFO:Preloading libraries
2024-02-24 22:28:17,587:INFO:Set up data.
2024-02-24 22:28:17,589:INFO:Set up index.
2024-02-24 22:29:28,895:INFO:Initializing predict_model()
2024-02-24 22:29:28,895:INFO:predict_model(self=<pycaret.regression.oop.RegressionExperiment object at 0x0000016E7A252FB0>, estimator=Pipeline(memory=Memory(location=None),
         steps=[('numerical_imputer',
                 TransformerWrapper(include=['amenity_count', 'availability_30',
                                             'bathrooms', 'accommodates',
                                             'number_of_reviews',
                                             'maximum_nights', 'bedrooms',
                                             'beds', 'guests_included'],
                                    transformer=SimpleImputer())),
                ('categorical_imputer',
                 TransformerWrapper(include=[],
                                    transformer=SimpleImputer(strategy='most_frequent'))),
                ('transformation',
                 TransformerWrapper(transformer=PowerTransformer(standardize=False))),
                ('normalize', TransformerWrapper(transformer=StandardScaler())),
                ('trained_model', LGBMRegressor(n_jobs=-1, random_state=1234))]), probability_threshold=None, encoded_labels=False, raw_score=False, round=4, verbose=True, ml_usecase=None, preprocess=True, encode_labels=<function _SupervisedExperiment.predict_model.<locals>.encode_labels at 0x0000016E7A1FCE50>)
2024-02-24 22:29:28,895:INFO:Checking exceptions
2024-02-24 22:29:28,895:INFO:Preloading libraries
2024-02-24 22:29:28,895:INFO:Set up data.
2024-02-24 22:29:28,898:INFO:Set up index.
2024-02-24 22:29:39,786:INFO:Initializing predict_model()
2024-02-24 22:29:39,786:INFO:predict_model(self=<pycaret.regression.oop.RegressionExperiment object at 0x0000016E7A2528C0>, estimator=Pipeline(memory=Memory(location=None),
         steps=[('numerical_imputer',
                 TransformerWrapper(include=['amenity_count', 'availability_30',
                                             'bathrooms', 'accommodates',
                                             'number_of_reviews',
                                             'maximum_nights', 'bedrooms',
                                             'beds', 'guests_included'],
                                    transformer=SimpleImputer())),
                ('categorical_imputer',
                 TransformerWrapper(include=[],
                                    transformer=SimpleImputer(strategy='most_frequent'))),
                ('transformation',
                 TransformerWrapper(transformer=PowerTransformer(standardize=False))),
                ('normalize', TransformerWrapper(transformer=StandardScaler())),
                ('trained_model', LGBMRegressor(n_jobs=-1, random_state=1234))]), probability_threshold=None, encoded_labels=False, raw_score=False, round=4, verbose=True, ml_usecase=None, preprocess=True, encode_labels=<function _SupervisedExperiment.predict_model.<locals>.encode_labels at 0x0000016E7A19FD90>)
2024-02-24 22:29:39,786:INFO:Checking exceptions
2024-02-24 22:29:39,786:INFO:Preloading libraries
2024-02-24 22:29:39,786:INFO:Set up data.
2024-02-24 22:29:39,788:INFO:Set up index.
2024-02-24 22:35:18,748:WARNING:
'cuml' is a soft dependency and not included in the pycaret installation. Please run: `pip install cuml` to install.
2024-02-24 22:35:18,748:WARNING:
'cuml' is a soft dependency and not included in the pycaret installation. Please run: `pip install cuml` to install.
2024-02-24 22:35:18,748:WARNING:
'cuml' is a soft dependency and not included in the pycaret installation. Please run: `pip install cuml` to install.
2024-02-24 22:35:18,749:WARNING:
'cuml' is a soft dependency and not included in the pycaret installation. Please run: `pip install cuml` to install.
2024-02-24 22:35:18,866:INFO:Initializing load_model()
2024-02-24 22:35:18,866:INFO:load_model(model_name=models/nas_rental_prediction/best_model_new_saved, platform=None, authentication=None, verbose=True)
2024-02-24 22:35:18,868:WARNING:C:\Users\nasru\Desktop\NYP\2023 S2\MLOps\Assignment\Rental Home Price Prediction\venv\lib\site-packages\sklearn\base.py:376: InconsistentVersionWarning: Trying to unpickle estimator SimpleImputer from version 1.2.2 when using version 1.4.1.post1. This might lead to breaking code or invalid results. Use at your own risk. For more info please refer to:
https://scikit-learn.org/stable/model_persistence.html#security-maintainability-limitations
  warnings.warn(

2024-02-24 22:35:18,868:WARNING:C:\Users\nasru\Desktop\NYP\2023 S2\MLOps\Assignment\Rental Home Price Prediction\venv\lib\site-packages\sklearn\base.py:376: InconsistentVersionWarning: Trying to unpickle estimator PowerTransformer from version 1.2.2 when using version 1.4.1.post1. This might lead to breaking code or invalid results. Use at your own risk. For more info please refer to:
https://scikit-learn.org/stable/model_persistence.html#security-maintainability-limitations
  warnings.warn(

2024-02-24 22:35:18,869:WARNING:C:\Users\nasru\Desktop\NYP\2023 S2\MLOps\Assignment\Rental Home Price Prediction\venv\lib\site-packages\sklearn\base.py:376: InconsistentVersionWarning: Trying to unpickle estimator StandardScaler from version 1.2.2 when using version 1.4.1.post1. This might lead to breaking code or invalid results. Use at your own risk. For more info please refer to:
https://scikit-learn.org/stable/model_persistence.html#security-maintainability-limitations
  warnings.warn(

2024-02-24 22:35:18,897:WARNING:C:\Users\nasru\Desktop\NYP\2023 S2\MLOps\Assignment\Rental Home Price Prediction\venv\lib\site-packages\pycaret\internal\pipeline.py:146: UserWarning: Version mismatch:
current: {'deps_info': {'pip': '23.3.2', 'setuptools': '69.0.3', 'pycaret': '3.3.0', 'IPython': '8.22.1', 'ipywidgets': '8.1.2', 'tqdm': '4.66.2', 'numpy': '1.26.4', 'pandas': '2.1.4', 'jinja2': '3.1.3', 'scipy': '1.11.4', 'joblib': '1.3.2', 'sklearn': '1.4.1.post1', 'pyod': '1.1.3', 'imblearn': '0.12.0', 'category_encoders': '2.6.3', 'lightgbm': '4.3.0', 'numba': '0.59.0', 'requests': '2.31.0', 'matplotlib': '3.7.5', 'scikitplot': '0.3.7', 'yellowbrick': '1.5', 'plotly': '5.19.0', 'plotly-resampler': 'Not installed', 'kaleido': '0.2.1', 'schemdraw': '0.15', 'statsmodels': '0.14.1', 'sktime': '0.26.0', 'tbats': '1.1.3', 'pmdarima': '2.0.4', 'psutil': '5.9.8', 'markupsafe': '2.1.5', 'pickle5': 'Not installed', 'cloudpickle': '3.0.0', 'deprecation': '2.1.0', 'xxhash': '3.4.1', 'wurlitzer': 'Not installed'}, 'python': {'version': '3.10.0', 'machine': 'AMD64'}}
pickle: {'deps_info': {'pip': '23.1.2', 'setuptools': '67.6.0', 'pycaret': '3.2.0', 'IPython': '8.11.0', 'ipywidgets': '8.1.1', 'tqdm': '4.66.1', 'numpy': '1.25.2', 'pandas': '1.5.3', 'jinja2': '3.1.2', 'scipy': '1.10.1', 'joblib': '1.3.2', 'sklearn': '1.2.2', 'pyod': '1.1.2', 'imblearn': '0.11.0', 'category_encoders': '2.6.3', 'lightgbm': '4.2.0', 'numba': '0.58.1', 'requests': '2.31.0', 'matplotlib': '3.6.0', 'scikitplot': '0.3.7', 'yellowbrick': '1.5', 'plotly': '5.18.0', 'plotly-resampler': 'Not installed', 'kaleido': '0.2.1', 'schemdraw': '0.15', 'statsmodels': '0.14.1', 'sktime': '0.21.1', 'tbats': '1.1.3', 'pmdarima': '2.0.4', 'psutil': '5.9.4', 'markupsafe': '2.1.2', 'pickle5': 'Not installed', 'cloudpickle': '3.0.0', 'deprecation': '2.1.0', 'xxhash': '3.4.1', 'wurlitzer': 'Not installed'}, 'python': {'version': '3.11.2', 'machine': 'AMD64'}}
  warnings.warn(

2024-02-24 22:35:23,513:INFO:Initializing predict_model()
2024-02-24 22:35:23,513:INFO:predict_model(self=<pycaret.regression.oop.RegressionExperiment object at 0x000002A3AE23A410>, estimator=Pipeline(memory=Memory(location=None),
         steps=[('numerical_imputer',
                 TransformerWrapper(include=['amenity_count', 'availability_30',
                                             'bathrooms', 'accommodates',
                                             'number_of_reviews',
                                             'maximum_nights', 'bedrooms',
                                             'beds', 'guests_included'],
                                    transformer=SimpleImputer())),
                ('categorical_imputer',
                 TransformerWrapper(include=[],
                                    transformer=SimpleImputer(strategy='most_frequent'))),
                ('transformation',
                 TransformerWrapper(transformer=PowerTransformer(standardize=False))),
                ('normalize', TransformerWrapper(transformer=StandardScaler())),
                ('trained_model', LGBMRegressor(n_jobs=-1, random_state=1234))]), probability_threshold=None, encoded_labels=False, raw_score=False, round=4, verbose=True, ml_usecase=None, preprocess=True, encode_labels=<function _SupervisedExperiment.predict_model.<locals>.encode_labels at 0x000002A3AE2481F0>)
2024-02-24 22:35:23,513:INFO:Checking exceptions
2024-02-24 22:35:23,513:INFO:Preloading libraries
2024-02-24 22:35:23,513:INFO:Set up data.
2024-02-24 22:35:23,516:INFO:Set up index.
2024-02-24 22:35:31,256:INFO:Initializing predict_model()
2024-02-24 22:35:31,256:INFO:predict_model(self=<pycaret.regression.oop.RegressionExperiment object at 0x000002A3AE2A7DF0>, estimator=Pipeline(memory=Memory(location=None),
         steps=[('numerical_imputer',
                 TransformerWrapper(include=['amenity_count', 'availability_30',
                                             'bathrooms', 'accommodates',
                                             'number_of_reviews',
                                             'maximum_nights', 'bedrooms',
                                             'beds', 'guests_included'],
                                    transformer=SimpleImputer())),
                ('categorical_imputer',
                 TransformerWrapper(include=[],
                                    transformer=SimpleImputer(strategy='most_frequent'))),
                ('transformation',
                 TransformerWrapper(transformer=PowerTransformer(standardize=False))),
                ('normalize', TransformerWrapper(transformer=StandardScaler())),
                ('trained_model', LGBMRegressor(n_jobs=-1, random_state=1234))]), probability_threshold=None, encoded_labels=False, raw_score=False, round=4, verbose=True, ml_usecase=None, preprocess=True, encode_labels=<function _SupervisedExperiment.predict_model.<locals>.encode_labels at 0x000002A3AE2481F0>)
2024-02-24 22:35:31,256:INFO:Checking exceptions
2024-02-24 22:35:31,256:INFO:Preloading libraries
2024-02-24 22:35:31,257:INFO:Set up data.
2024-02-24 22:35:31,258:INFO:Set up index.
2024-02-24 22:35:40,122:INFO:Initializing predict_model()
2024-02-24 22:35:40,122:INFO:predict_model(self=<pycaret.regression.oop.RegressionExperiment object at 0x000002A3AE2A7880>, estimator=Pipeline(memory=Memory(location=None),
         steps=[('numerical_imputer',
                 TransformerWrapper(include=['amenity_count', 'availability_30',
                                             'bathrooms', 'accommodates',
                                             'number_of_reviews',
                                             'maximum_nights', 'bedrooms',
                                             'beds', 'guests_included'],
                                    transformer=SimpleImputer())),
                ('categorical_imputer',
                 TransformerWrapper(include=[],
                                    transformer=SimpleImputer(strategy='most_frequent'))),
                ('transformation',
                 TransformerWrapper(transformer=PowerTransformer(standardize=False))),
                ('normalize', TransformerWrapper(transformer=StandardScaler())),
                ('trained_model', LGBMRegressor(n_jobs=-1, random_state=1234))]), probability_threshold=None, encoded_labels=False, raw_score=False, round=4, verbose=True, ml_usecase=None, preprocess=True, encode_labels=<function _SupervisedExperiment.predict_model.<locals>.encode_labels at 0x000002A3AE1BFB50>)
2024-02-24 22:35:40,122:INFO:Checking exceptions
2024-02-24 22:35:40,122:INFO:Preloading libraries
2024-02-24 22:35:40,122:INFO:Set up data.
2024-02-24 22:35:40,126:INFO:Set up index.
